<?xml version="1.0" encoding="UTF-8"?>
<!-- Generated by org.testng.reporters.JUnitReportReporter -->
<testsuite hostname="EN911212" failures="0" tests="5" name="tests.Lists" time="1.432" errors="0" timestamp="2021-09-03T01:06:16 COT" skipped="0">
  <testcase classname="tests.Lists" name="clearingMoviesFromList" time="0.201"/>
  <system-out/>
  <testcase classname="tests.Lists" name="obtainingListDetail" time="0.198"/>
  <system-out/>
  <testcase classname="tests.Lists" name="addingMovieToList" time="0.461"/>
  <system-out/>
  <testcase classname="tests.Lists" name="creatingListOfMovies" time="0.326"/>
  <system-out/>
  <testcase classname="tests.Lists" name="deletingListWithID" time="0.246"/>
  <system-out/>
</testsuite> <!-- tests.Lists -->
