<?xml version="1.0" encoding="UTF-8"?>
<!-- Generated by org.testng.reporters.JUnitReportReporter -->
<testsuite hostname="EN911212" failures="0" tests="5" name="tests.Authentication" time="3.755" errors="0" timestamp="2021-09-03T02:16:01 COT" skipped="0">
  <testcase classname="tests.Authentication" name="creatingGuestSession" time="2.596"/>
  <system-out/>
  <testcase classname="tests.Authentication" name="creatingRequestToken" time="0.254"/>
  <system-out/>
  <testcase classname="tests.Authentication" name="creatingSessionLoginIn" time="0.335"/>
  <system-out/>
  <testcase classname="tests.Authentication" name="creatingSession" time="0.279"/>
  <system-out/>
  <testcase classname="tests.Authentication" name="deletingExistingSession" time="0.291"/>
  <system-out/>
</testsuite> <!-- tests.Authentication -->
