<?xml version="1.0" encoding="UTF-8"?>
<!-- Generated by org.testng.reporters.JUnitReportReporter -->
<testsuite hostname="EN911212" failures="0" tests="5" name="tests.Lists" time="1.433" errors="0" timestamp="2021-09-03T02:16:01 COT" skipped="0">
  <testcase classname="tests.Lists" name="clearingMoviesFromList" time="0.223"/>
  <system-out/>
  <testcase classname="tests.Lists" name="deletingListWithID" time="0.200"/>
  <system-out/>
  <testcase classname="tests.Lists" name="obtainingListDetail" time="0.209"/>
  <system-out/>
  <testcase classname="tests.Lists" name="addingMovieToList" time="0.541"/>
  <system-out/>
  <testcase classname="tests.Lists" name="creatingListOfMovies" time="0.260"/>
  <system-out/>
</testsuite> <!-- tests.Lists -->
