<?xml version="1.0" encoding="UTF-8"?>
<!-- Generated by org.testng.reporters.JUnitReportReporter -->
<testsuite hostname="EN911212" failures="0" tests="2" name="tests.Movies" time="0.364" errors="0" timestamp="2021-09-03T02:16:01 COT" skipped="0">
  <testcase classname="tests.Movies" name="obtainingPeopleDetail" time="0.105"/>
  <system-out/>
  <testcase classname="tests.Movies" name="ratingAMovie" time="0.259"/>
  <system-out/>
</testsuite> <!-- tests.Movies -->
