<?xml version="1.0" encoding="UTF-8"?>
<!-- Generated by org.testng.reporters.JUnitReportReporter -->
<testsuite hostname="EN911212" failures="0" tests="5" name="TestingGet" time="2.320" errors="0" timestamp="2021-08-30T11:44:51 COT" skipped="0">
  <testcase classname="TestingGet" name="getPeopleDetail" time="0.087"/>
  <system-out/>
  <testcase classname="TestingGet" name="getEpisodeGroupsTV" time="0.094"/>
  <system-out/>
  <testcase classname="TestingGet" name="getCreditsMovie" time="0.115"/>
  <system-out/>
  <testcase classname="TestingGet" name="getCreditsTV" time="0.086"/>
  <system-out/>
  <testcase classname="TestingGet" name="getAlternativeTitles" time="1.938"/>
  <system-out/>
</testsuite> <!-- TestingGet -->
