<?xml version="1.0" encoding="UTF-8"?>
<!-- Generated by org.testng.reporters.JUnitReportReporter -->
<testsuite hostname="EN911212" failures="0" tests="1" name="tests.People" time="0.116" errors="0" timestamp="2021-09-03T02:16:01 COT" skipped="0">
  <testcase classname="tests.People" name="obtainingPeopleDetail" time="0.116"/>
  <system-out/>
</testsuite> <!-- tests.People -->
