<?xml version="1.0" encoding="UTF-8"?>
<!-- Generated by org.testng.reporters.JUnitReportReporter -->
<testsuite hostname="EN911212" failures="0" tests="5" name="tests.Authentication" time="3.698" errors="0" timestamp="2021-09-03T01:06:16 COT" skipped="0">
  <testcase classname="tests.Authentication" name="CreatingGuestSession" time="2.687"/>
  <system-out/>
  <testcase classname="tests.Authentication" name="creatingRequestToken" time="0.198"/>
  <system-out/>
  <testcase classname="tests.Authentication" name="creatingSessionLoginIn" time="0.345"/>
  <system-out/>
  <testcase classname="tests.Authentication" name="creatingSession" time="0.211"/>
  <system-out/>
  <testcase classname="tests.Authentication" name="deletingExistingSession" time="0.257"/>
  <system-out/>
</testsuite> <!-- tests.Authentication -->
